[ 2020-07-01T00:19:52+08:00 ] ::1 /Test/wms/index.php?m=Admin&c=instore&a=index
ERR: SQLSTATE[42S22]: Column not found: 1054 Unknown column 'Instore.instore_remarks' in 'field list'

[ 2020-07-01T00:28:32+08:00 ] ::1 /Test/wms/index.php?m=Admin&c=instore&a=index
ERR: SQLSTATE[42S22]: Column not found: 1054 Unknown column 'Instore.instore_remarks' in 'field list'

[ 2020-07-01T00:29:10+08:00 ] ::1 /Test/wms/index.php?m=Admin&c=instore&a=index
ERR: SQLSTATE[42S22]: Column not found: 1054 Unknown column 'Instore.instore_remarks' in 'field list'

[ 2020-07-01T00:29:29+08:00 ] ::1 /Test/wms/index.php?m=Admin&c=instore&a=update
ERR: 参数错误或者未定义:id

[ 2020-07-01T00:29:48+08:00 ] ::1 /Test/wms/index.php?m=Admin&c=instore&a=update%EF%BC%9Fid=1
ERR: 非法操作:update？id=1

[ 2020-07-01T00:29:53+08:00 ] ::1 /Test/wms/index.php?m=Admin&c=instore&a=update
ERR: 参数错误或者未定义:id

[ 2020-07-01T00:29:54+08:00 ] ::1 /Test/wms/index.php?m=Admin&c=instore&a=index
ERR: SQLSTATE[42S22]: Column not found: 1054 Unknown column 'Instore.instore_remarks' in 'field list'

[ 2020-07-01T00:32:14+08:00 ] ::1 /Test/wms/index.php?m=Admin&c=instore&a=index
ERR: SQLSTATE[42S22]: Column not found: 1054 Unknown column 'Instore.instore_remarks' in 'field list'

[ 2020-07-01T01:00:52+08:00 ] ::1 /Test/wms/index.php?m=Admin&c=Login&a=login
INFO: [ app_begin ] --START--
INFO: Run Behavior\ReadHtmlCacheBehavior [ RunTime:0.000860s ]
INFO: [ app_begin ] --END-- [ RunTime:0.001592s ]
SQL: SELECT * FROM `member` WHERE ( username = 'Apple' and password= 'e10adc3949ba59abbe56e057f20f883e' ) LIMIT 1   [ RunTime:0.0008s ]
SQL: UPDATE `member` SET `update_at`='1593536452',`login_ip`='0.0.0.0' WHERE ( username = 'Apple' and password= 'e10adc3949ba59abbe56e057f20f883e' ) [ RunTime:0.0260s ]

[ 2020-07-01T14:30:21+08:00 ] ::1 /Test/wms/index.php?m=Admin&c=Login&a=login
INFO: [ app_begin ] --START--
INFO: Run Behavior\ReadHtmlCacheBehavior [ RunTime:0.001393s ]
INFO: [ app_begin ] --END-- [ RunTime:0.049475s ]
SQL: SELECT * FROM `member` WHERE ( username = 'Apple' and password= 'e10adc3949ba59abbe56e057f20f883e' ) LIMIT 1   [ RunTime:0.2700s ]
SQL: UPDATE `member` SET `update_at`='1593585021',`login_ip`='0.0.0.0' WHERE ( username = 'Apple' and password= 'e10adc3949ba59abbe56e057f20f883e' ) [ RunTime:0.0494s ]

[ 2020-07-01T15:09:36+08:00 ] ::1 /Test/wms/index.php?m=Admin&c=Product&a=update
ERR: 参数错误或者未定义:id

[ 2020-07-01T15:09:54+08:00 ] ::1 /Test/wms/index.php?m=Admin&c=Product&a=update
ERR: 参数错误或者未定义:id

[ 2020-07-01T15:11:59+08:00 ] ::1 /Test/wms/index.php?m=Admin&c=Product&a=update
ERR: 参数错误或者未定义:id

[ 2020-07-01T15:15:40+08:00 ] ::1 /Test/wms/index.php?m=Admin&c=Product&a=update
ERR: 参数错误或者未定义:id

[ 2020-07-01T15:39:04+08:00 ] ::1 /Test/wms/index.php?m=Admin&c=Login&a=login
INFO: [ app_begin ] --START--
INFO: Run Behavior\ReadHtmlCacheBehavior [ RunTime:0.001143s ]
INFO: [ app_begin ] --END-- [ RunTime:0.001783s ]
SQL: SELECT * FROM `member` WHERE ( username = 'kk' and password= 'e10adc3949ba59abbe56e057f20f883e' ) LIMIT 1   [ RunTime:0.0005s ]
SQL: UPDATE `member` SET `update_at`='1593589144',`login_ip`='0.0.0.0' WHERE ( username = 'kk' and password= 'e10adc3949ba59abbe56e057f20f883e' ) [ RunTime:0.0012s ]

[ 2020-07-01T15:39:39+08:00 ] ::1 /Test/wms/index.php?m=Admin&c=Login&a=login
INFO: [ app_begin ] --START--
INFO: Run Behavior\ReadHtmlCacheBehavior [ RunTime:0.000973s ]
INFO: [ app_begin ] --END-- [ RunTime:0.001590s ]

[ 2020-07-01T15:39:57+08:00 ] ::1 /Test/wms/index.php?m=Admin&c=Login&a=login
INFO: [ app_begin ] --START--
INFO: Run Behavior\ReadHtmlCacheBehavior [ RunTime:0.002514s ]
INFO: [ app_begin ] --END-- [ RunTime:0.003313s ]

[ 2020-07-01T15:40:30+08:00 ] ::1 /Test/wms/index.php?m=Admin&c=Login&a=login
INFO: [ app_begin ] --START--
INFO: Run Behavior\ReadHtmlCacheBehavior [ RunTime:0.001801s ]
INFO: [ app_begin ] --END-- [ RunTime:0.003149s ]

[ 2020-07-01T15:40:52+08:00 ] ::1 /Test/wms/index.php?m=Admin&c=Login&a=login
INFO: [ app_begin ] --START--
INFO: Run Behavior\ReadHtmlCacheBehavior [ RunTime:0.001100s ]
INFO: [ app_begin ] --END-- [ RunTime:0.001798s ]
SQL: SELECT * FROM `member` WHERE ( username = 'gg' and password= 'e10adc3949ba59abbe56e057f20f883e' ) LIMIT 1   [ RunTime:0.0010s ]
SQL: UPDATE `member` SET `update_at`='1593589252',`login_ip`='0.0.0.0' WHERE ( username = 'gg' and password= 'e10adc3949ba59abbe56e057f20f883e' ) [ RunTime:0.0011s ]

[ 2020-07-01T15:45:47+08:00 ] ::1 /Test/wms/index.php?m=Admin&c=Login&a=login
INFO: [ app_begin ] --START--
INFO: Run Behavior\ReadHtmlCacheBehavior [ RunTime:0.001508s ]
INFO: [ app_begin ] --END-- [ RunTime:0.002235s ]

[ 2020-07-01T15:45:59+08:00 ] ::1 /Test/wms/index.php?m=Admin&c=Login&a=login
INFO: [ app_begin ] --START--
INFO: Run Behavior\ReadHtmlCacheBehavior [ RunTime:0.001320s ]
INFO: [ app_begin ] --END-- [ RunTime:0.002388s ]
SQL: SELECT * FROM `member` WHERE ( username = 'Apple' and password= 'e10adc3949ba59abbe56e057f20f883e' ) LIMIT 1   [ RunTime:0.0015s ]
SQL: UPDATE `member` SET `update_at`='1593589559',`login_ip`='0.0.0.0' WHERE ( username = 'Apple' and password= 'e10adc3949ba59abbe56e057f20f883e' ) [ RunTime:0.0020s ]

[ 2020-07-01T16:05:27+08:00 ] ::1 /Test/wms/index.php?m=Admin&c=Login&a=login
INFO: [ app_begin ] --START--
INFO: Run Behavior\ReadHtmlCacheBehavior [ RunTime:0.001144s ]
INFO: [ app_begin ] --END-- [ RunTime:0.001687s ]
SQL: SELECT * FROM `member` WHERE ( username = 'Apple' and password= 'e10adc3949ba59abbe56e057f20f883e' ) LIMIT 1   [ RunTime:0.0018s ]
SQL: UPDATE `member` SET `update_at`='1593590727',`login_ip`='0.0.0.0' WHERE ( username = 'Apple' and password= 'e10adc3949ba59abbe56e057f20f883e' ) [ RunTime:0.0020s ]

[ 2020-07-01T16:08:45+08:00 ] ::1 /Test/wms/index.php?m=Admin&c=Product&a=importExcel
ERR: SQLSTATE[23000]: Integrity constraint violation: 1048 Column 'remarks' cannot be null

[ 2020-07-01T16:27:58+08:00 ] ::1 /Test/wms/index.php?m=Admin&c=Login&a=login
INFO: [ app_begin ] --START--
INFO: Run Behavior\ReadHtmlCacheBehavior [ RunTime:0.003307s ]
INFO: [ app_begin ] --END-- [ RunTime:0.004388s ]
SQL: SELECT * FROM `member` WHERE ( username = 'Apple' and password= 'e10adc3949ba59abbe56e057f20f883e' ) LIMIT 1   [ RunTime:0.0091s ]
SQL: UPDATE `member` SET `update_at`='1593592078',`login_ip`='0.0.0.0' WHERE ( username = 'Apple' and password= 'e10adc3949ba59abbe56e057f20f883e' ) [ RunTime:0.0027s ]

[ 2020-07-01T18:39:17+08:00 ] ::1 /Test/wms/index.php?m=Admin&c=Instore&a=index
ERR: SQLSTATE[42S22]: Column not found: 1054 Unknown column 'instore.goods_name' in 'where clause'

[ 2020-07-01T18:40:20+08:00 ] ::1 /Test/wms/index.php?m=Admin&c=Instore&a=index
ERR: SQLSTATE[42S22]: Column not found: 1054 Unknown column 'instore.goods_name' in 'where clause'

[ 2020-07-01T21:55:55+08:00 ] ::1 /Test/wms/index.php?m=Admin&c=Login&a=login
INFO: [ app_begin ] --START--
INFO: Run Behavior\ReadHtmlCacheBehavior [ RunTime:0.001128s ]
INFO: [ app_begin ] --END-- [ RunTime:0.001874s ]
SQL: SELECT * FROM `member` WHERE ( username = 'Apple' and password= 'e10adc3949ba59abbe56e057f20f883e' ) LIMIT 1   [ RunTime:0.1623s ]
SQL: UPDATE `member` SET `update_at`='1593611755',`login_ip`='0.0.0.0' WHERE ( username = 'Apple' and password= 'e10adc3949ba59abbe56e057f20f883e' ) [ RunTime:0.0638s ]

